<?xml version="1.0" encoding="UTF-8"?>
<!-- Generated by org.testng.reporters.JUnitXMLReporter -->
<testsuite hostname="Seans-MBP.attlocal.net" name="Default test" tests="2" failures="0" timestamp="1 Jun 2017 12:05:31 GMT" time="0.027" errors="0">
  <testcase name="@BeforeTest beforeSuite" time="0.0" classname="testScripts.SmokeTests_OnPrem">
    <failure type="org.testng.TestNGException" message="
Parameter &amp;apos;platform&amp;apos; is required by @Configuration on method beforeSuite but has not been marked @Optional or defined
in /private/var/folders/68/b_t2yvj56g754_7pmjg0bw4r0000gn/T/testng-eclipse-1095656849/testng-customsuite.xml">
      <![CDATA[org.testng.TestNGException: 
Parameter 'platform' is required by @Configuration on method beforeSuite but has not been marked @Optional or defined
in /private/var/folders/68/b_t2yvj56g754_7pmjg0bw4r0000gn/T/testng-eclipse-1095656849/testng-customsuite.xml
	at org.testng.internal.Parameters.createParameters(Parameters.java:154)
	at org.testng.internal.Parameters.createParameters(Parameters.java:361)
	at org.testng.internal.Parameters.createConfigurationParameters(Parameters.java:84)
	at org.testng.internal.Invoker.invokeConfigurations(Invoker.java:201)
	at org.testng.internal.Invoker.invokeConfigurations(Invoker.java:142)
	at org.testng.TestRunner.beforeRun(TestRunner.java:656)
	at org.testng.TestRunner.run(TestRunner.java:624)
	at org.testng.SuiteRunner.runTest(SuiteRunner.java:366)
	at org.testng.SuiteRunner.runSequentially(SuiteRunner.java:361)
	at org.testng.SuiteRunner.privateRun(SuiteRunner.java:319)
	at org.testng.SuiteRunner.run(SuiteRunner.java:268)
	at org.testng.SuiteRunnerWorker.runSuite(SuiteRunnerWorker.java:52)
	at org.testng.SuiteRunnerWorker.run(SuiteRunnerWorker.java:86)
	at org.testng.TestNG.runSuitesSequentially(TestNG.java:1244)
	at org.testng.TestNG.runSuitesLocally(TestNG.java:1169)
	at org.testng.TestNG.run(TestNG.java:1064)
	at org.testng.remote.AbstractRemoteTestNG.run(AbstractRemoteTestNG.java:126)
	at org.testng.remote.RemoteTestNG.initAndRun(RemoteTestNG.java:137)
	at org.testng.remote.RemoteTestNG.main(RemoteTestNG.java:58)
]]>
    </failure>
  </testcase> <!-- @BeforeTest beforeSuite -->
  <testcase name="@BeforeClass beforeClass" time="0.0" classname="testScripts.SmokeTests_OnPrem">
    <skipped/>
  </testcase> <!-- @BeforeClass beforeClass -->
  <testcase name="@BeforeMethod beforeMethod" time="0.0" classname="testScripts.SmokeTests_OnPrem">
    <skipped/>
  </testcase> <!-- @BeforeMethod beforeMethod -->
  <testcase name="@AfterMethod afterMethod" time="0.0" classname="testScripts.SmokeTests_OnPrem">
    <skipped/>
  </testcase> <!-- @AfterMethod afterMethod -->
  <testcase name="@BeforeMethod beforeMethod" time="0.0" classname="testScripts.SmokeTests_OnPrem">
    <skipped/>
  </testcase> <!-- @BeforeMethod beforeMethod -->
  <testcase name="@AfterMethod afterMethod" time="0.0" classname="testScripts.SmokeTests_OnPrem">
    <skipped/>
  </testcase> <!-- @AfterMethod afterMethod -->
  <testcase name="@AfterClass afterClass" time="0.0" classname="testScripts.SmokeTests_OnPrem">
    <skipped/>
  </testcase> <!-- @AfterClass afterClass -->
  <testcase name="@AfterTest afterTest" time="0.0" classname="testScripts.SmokeTests_OnPrem">
    <skipped/>
  </testcase> <!-- @AfterTest afterTest -->
  <testcase name="getMemberNameTitle" time="0.003" classname="testScripts.SmokeTests_OnPrem">
    <skipped/>
  </testcase> <!-- getMemberNameTitle -->
  <testcase name="performSearchGetMemberCount" time="0.001" classname="testScripts.SmokeTests_OnPrem">
    <skipped/>
  </testcase> <!-- performSearchGetMemberCount -->
</testsuite> <!-- Default test -->
